
**** Build of configuration Nios II for project asvm14150 ****

make all 
Info: Building ../asvm14150_bsp/
make --no-print-directory -C ../asvm14150_bsp/
[BSP build complete]
Info: Compiling adc.c to obj/adc.o
nios2-elf-gcc -xc -MP -MMD -c -I../asvm14150_bsp//drivers/inc -I../asvm14150_bsp//drivers/inc/iniche -I../asvm14150_bsp//iniche/inc -I../asvm14150_bsp//iniche/src/h -I../asvm14150_bsp//iniche/src/h/nios2 -I../asvm14150_bsp//iniche/src/nios2 -I../asvm14150_bsp//UCOSII/inc -I../asvm14150_bsp//HAL/inc -I../asvm14150_bsp/ -I../asvm14150_bsp//drivers/inc  -DSYSTEM_BUS_WIDTH=32 -pipe -D__hal__ -DALT_NO_INSTRUCTION_EMULATION -DALTERA_TRIPLE_SPEED_MAC -DALT_INICHE -D__ucosii__    -O0 -g -Wall   -EL -mno-hw-div -mhw-mul -mno-hw-mulx  -o obj/adc.o adc.c
adc.c: In function 'SGDMAFDone':
adc.c:68: warning: passing argument 2 of '__builtin_stwio' makes integer from pointer without a cast
Info: Compiling alt_error_handler.c to obj/alt_error_handler.o
adc.c: In function 'ADCToUDPM':
nios2-elf-gcc -xc -MP -MMD -c -I../asvm14150_bsp//drivers/inc -I../asvm14150_bsp//drivers/inc/iniche -I../asvm14150_bsp//iniche/inc -I../asvm14150_bsp//iniche/src/h -I../asvm14150_bsp//iniche/src/h/nios2 -I../asvm14150_bsp//iniche/src/nios2 -I../asvm14150_bsp//UCOSII/inc -I../asvm14150_bsp//HAL/inc -I../asvm14150_bsp/ -I../asvm14150_bsp//drivers/inc  -DSYSTEM_BUS_WIDTH=32 -pipe -D__hal__ -DALT_NO_INSTRUCTION_EMULATION -DALTERA_TRIPLE_SPEED_MAC -DALT_INICHE -D__ucosii__    -O0 -g -Wall   -EL -mno-hw-div -mhw-mul -mno-hw-mulx  -o obj/alt_error_handler.o alt_error_handler.c
Info: Compiling hack_tcp.c to obj/hack_tcp.o
nios2-elf-gcc -xc -MP -MMD -c -I../asvm14150_bsp//drivers/inc -I../asvm14150_bsp//drivers/inc/iniche -I../asvm14150_bsp//iniche/inc -I../asvm14150_bsp//iniche/src/h -I../asvm14150_bsp//iniche/src/h/nios2 -I../asvm14150_bsp//iniche/src/nios2 -I../asvm14150_bsp//UCOSII/inc -I../asvm14150_bsp//HAL/inc -I../asvm14150_bsp/ -I../asvm14150_bsp//drivers/inc  -DSYSTEM_BUS_WIDTH=32 -pipe -D__hal__ -DALT_NO_INSTRUCTION_EMULATION -DALTERA_TRIPLE_SPEED_MAC -DALT_INICHE -D__ucosii__    -O0 -g -Wall   -EL -mno-hw-div -mhw-mul -mno-hw-mulx  -o obj/hack_tcp.o hack_tcp.c
adc.c:88: warning: passing argument 2 of '__builtin_stwio' makes integer from pointer without a cast
adc.c:105: warning: passing argument 1 of 'hack_send' from incompatible pointer type
adc.c:105: warning: passing argument 2 of 'hack_send' discards qualifiers from pointer target type
adc.c: In function 'ADCToMem':
adc.c:135: warning: passing argument 2 of '__builtin_stwio' makes integer from pointer without a cast
adc.c: At top level:
adc.c:34: warning: 'SenderTaskStack' defined but not used
hack_tcp.c: In function 'hack_tse_mac_raw_send':
hack_tcp.c:150: warning: implicit declaration of function 'alt_remap_cached'
hack_tcp.c:130: warning: unused variable 'tse_hw'
hack_tcp.c:125: warning: unused variable 'i'
hack_tcp.c: In function 'hack_send':
hack_tcp.c:236: warning: unused variable 'timeout'
hack_tcp.c:232: warning: unused variable 'result'
hack_tcp.c: In function 'SendUDP':
hack_tcp.c:290: warning: passing argument 1 of 'hack_tse_mac_raw_send' from incompatible pointer type
hack_tcp.c:291: warning: passing argument 1 of 'hack_tse_mac_raw_send' from incompatible pointer type
Info: Compiling iniche_init.c to obj/iniche_init.o
nios2-elf-gcc -xc -MP -MMD -c -I../asvm14150_bsp//drivers/inc -I../asvm14150_bsp//drivers/inc/iniche -I../asvm14150_bsp//iniche/inc -I../asvm14150_bsp//iniche/src/h -I../asvm14150_bsp//iniche/src/h/nios2 -I../asvm14150_bsp//iniche/src/nios2 -I../asvm14150_bsp//UCOSII/inc -I../asvm14150_bsp//HAL/inc -I../asvm14150_bsp/ -I../asvm14150_bsp//drivers/inc  -DSYSTEM_BUS_WIDTH=32 -pipe -D__hal__ -DALT_NO_INSTRUCTION_EMULATION -DALTERA_TRIPLE_SPEED_MAC -DALT_INICHE -D__ucosii__    -O0 -g -Wall   -EL -mno-hw-div -mhw-mul -mno-hw-mulx  -o obj/iniche_init.o iniche_init.c
Info: Compiling led.c to obj/led.o
nios2-elf-gcc -xc -MP -MMD -c -I../asvm14150_bsp//drivers/inc -I../asvm14150_bsp//drivers/inc/iniche -I../asvm14150_bsp//iniche/inc -I../asvm14150_bsp//iniche/src/h -I../asvm14150_bsp//iniche/src/h/nios2 -I../asvm14150_bsp//iniche/src/nios2 -I../asvm14150_bsp//UCOSII/inc -I../asvm14150_bsp//HAL/inc -I../asvm14150_bsp/ -I../asvm14150_bsp//drivers/inc  -DSYSTEM_BUS_WIDTH=32 -pipe -D__hal__ -DALT_NO_INSTRUCTION_EMULATION -DALTERA_TRIPLE_SPEED_MAC -DALT_INICHE -D__ucosii__    -O0 -g -Wall   -EL -mno-hw-div -mhw-mul -mno-hw-mulx  -o obj/led.o led.c
led.c: In function 'UserTask':
led.c:54: warning: unused variable 'buffer_length'
led.c:53: warning: unused variable 'bytes_sent'
led.c:52: warning: unused variable 'sa'
led.c:51: warning: unused variable 'n'
led.c:51: warning: unused variable 'sock'
Info: Compiling network_utilities.c to obj/network_utilities.o
nios2-elf-gcc -xc -MP -MMD -c -I../asvm14150_bsp//drivers/inc -I../asvm14150_bsp//drivers/inc/iniche -I../asvm14150_bsp//iniche/inc -I../asvm14150_bsp//iniche/src/h -I../asvm14150_bsp//iniche/src/h/nios2 -I../asvm14150_bsp//iniche/src/nios2 -I../asvm14150_bsp//UCOSII/inc -I../asvm14150_bsp//HAL/inc -I../asvm14150_bsp/ -I../asvm14150_bsp//drivers/inc  -DSYSTEM_BUS_WIDTH=32 -pipe -D__hal__ -DALT_NO_INSTRUCTION_EMULATION -DALTERA_TRIPLE_SPEED_MAC -DALT_INICHE -D__ucosii__    -O0 -g -Wall   -EL -mno-hw-div -mhw-mul -mno-hw-mulx  -o obj/network_utilities.o network_utilities.c
network_utilities.c: In function 'get_mac_addr':
network_utilities.c:54: warning: assignment from incompatible pointer type
Info: Compiling simple_socket_server.c to obj/simple_socket_server.o
nios2-elf-gcc -xc -MP -MMD -c -I../asvm14150_bsp//drivers/inc -I../asvm14150_bsp//drivers/inc/iniche -I../asvm14150_bsp//iniche/inc -I../asvm14150_bsp//iniche/src/h -I../asvm14150_bsp//iniche/src/h/nios2 -I../asvm14150_bsp//iniche/src/nios2 -I../asvm14150_bsp//UCOSII/inc -I../asvm14150_bsp//HAL/inc -I../asvm14150_bsp/ -I../asvm14150_bsp//drivers/inc  -DSYSTEM_BUS_WIDTH=32 -pipe -D__hal__ -DALT_NO_INSTRUCTION_EMULATION -DALTERA_TRIPLE_SPEED_MAC -DALT_INICHE -D__ucosii__    -O0 -g -Wall   -EL -mno-hw-div -mhw-mul -mno-hw-mulx  -o obj/simple_socket_server.o simple_socket_server.c
Info: Compiling tse_my_system.c to obj/tse_my_system.o
simple_socket_server.c: In function 'SSSCreateTasks':
simple_socket_server.c:114: warning: unused variable 'i'
simple_socket_server.c:113: warning: unused variable 'error_code'
simple_socket_server.c: In function 'SSSSimpleSocketServerTask':
nios2-elf-gcc -xc -MP -MMD -c -I../asvm14150_bsp//drivers/inc -I../asvm14150_bsp//drivers/inc/iniche -I../asvm14150_bsp//iniche/inc -I../asvm14150_bsp//iniche/src/h -I../asvm14150_bsp//iniche/src/h/nios2 -I../asvm14150_bsp//iniche/src/nios2 -I../asvm14150_bsp//UCOSII/inc -I../asvm14150_bsp//HAL/inc -I../asvm14150_bsp/ -I../asvm14150_bsp//drivers/inc  -DSYSTEM_BUS_WIDTH=32 -pipe -D__hal__ -DALT_NO_INSTRUCTION_EMULATION -DALTERA_TRIPLE_SPEED_MAC -DALT_INICHE -D__ucosii__    -O0 -g -Wall   -EL -mno-hw-div -mhw-mul -mno-hw-mulx  -o obj/tse_my_system.o tse_my_system.c
Info: Linking asvm14150.elf
nios2-elf-g++  -T'../asvm14150_bsp//linker.x' -msys-crt0='../asvm14150_bsp//obj/HAL/src/crt0.o' -msys-lib=ucosii_bsp -L../asvm14150_bsp/   -Wl,-Map=asvm14150.map   -O0 -g -Wall   -EL -mno-hw-div -mhw-mul -mno-hw-mulx  -o asvm14150.elf obj/adc.o obj/alt_error_handler.o obj/hack_tcp.o obj/iniche_init.o obj/led.o obj/network_utilities.o obj/simple_socket_server.o obj/tse_my_system.o -lm 
simple_socket_server.c:191: warning: passing argument 2 of 't_bind' from incompatible pointer type
simple_socket_server.c:198: warning: pointer targets in passing argument 1 of 'SendUDP' differ in signedness
simple_socket_server.c:202: warning: pointer targets in passing argument 2 of 't_recvfrom' differ in signedness
simple_socket_server.c:202: warning: passing argument 5 of 't_recvfrom' from incompatible pointer type
simple_socket_server.c:229: warning: pointer targets in passing argument 1 of 'SendUDP' differ in signedness
simple_socket_server.c:175: warning: unused variable 'DataBuffer'
simple_socket_server.c:170: warning: unused variable 'res'
simple_socket_server.c:168: warning: unused variable 'HeaderLen'
nios2-elf-insert asvm14150.elf --thread_model ucosii --cpu_name cpu --simulation_enabled false --id 0 --sidp 0x9000090 --timestamp 1349215130 --stderr_dev jtag_uart --stdin_dev jtag_uart --stdout_dev jtag_uart --sopc_system_name DE2_115_SOPC --quartus_project_dir "D:/test/asvm" --jdi D:/test/asvm/DE2_115_WEB_SERVER.jdi
Info: (asvm14150.elf) 694 KBytes program size (code + initialized data).
Info:                 130369 KBytes free for stack + heap.
Info: Creating asvm14150.objdump
nios2-elf-objdump --disassemble --syms --all-header --source asvm14150.elf >asvm14150.objdump
[asvm14150 build complete]
