
**** Build of configuration Nios II for project dma ****

make all 
Info: Building ../asvm14150_bsp/
make --no-print-directory -C ../asvm14150_bsp/
[BSP build complete]
Info: Compiling dma.c to obj/dma.o
nios2-elf-gcc -xc -MP -MMD -c -I../asvm14150_bsp//drivers/inc -I../asvm14150_bsp//drivers/inc/iniche -I../asvm14150_bsp//iniche/inc -I../asvm14150_bsp//iniche/src/h -I../asvm14150_bsp//iniche/src/h/nios2 -I../asvm14150_bsp//iniche/src/nios2 -I../asvm14150_bsp//UCOSII/inc -I../asvm14150_bsp//HAL/inc -I../asvm14150_bsp/ -I../asvm14150_bsp//drivers/inc  -DSYSTEM_BUS_WIDTH=32 -pipe -D__hal__ -DALT_NO_INSTRUCTION_EMULATION -DALTERA_TRIPLE_SPEED_MAC -DALT_INICHE -D__ucosii__    -O0 -g -Wall   -EL -mno-hw-div -mhw-mul -mno-hw-mulx  -o obj/dma.o dma.c
dma.c: In function 'ADCToMem':
dma.c:65: warning: passing argument 2 of '__builtin_stwio' makes integer from pointer without a cast
dma.c: In function 'main':
dma.c:76: warning: passing argument 1 of 'ADCToMem' from incompatible pointer type
dma.c:79: warning: control reaches end of non-void function
Info: Linking dma.elf
nios2-elf-g++  -T'../asvm14150_bsp//linker.x' -msys-crt0='../asvm14150_bsp//obj/HAL/src/crt0.o' -msys-lib=ucosii_bsp -L../asvm14150_bsp/   -Wl,-Map=dma.map   -O0 -g -Wall   -EL -mno-hw-div -mhw-mul -mno-hw-mulx  -o dma.elf obj/dma.o -lm 
../asvm14150_bsp/\libucosii_bsp.a(ins_tse_mac.o): In function `triple_speed_ethernet_init':
D:\test\asvm\software\asvm14150_bsp/drivers/src/iniche/ins_tse_mac.c:119: undefined reference to `tse_mac_device'
D:\test\asvm\software\asvm14150_bsp/drivers/src/iniche/ins_tse_mac.c:119: undefined reference to `tse_mac_device'
D:\test\asvm\software\asvm14150_bsp/drivers/src/iniche/ins_tse_mac.c:120: undefined reference to `tse_mac_device'
D:\test\asvm\software\asvm14150_bsp/drivers/src/iniche/ins_tse_mac.c:120: undefined reference to `tse_mac_device'
../asvm14150_bsp/\libucosii_bsp.a(ins_tse_mac.o): In function `prep_tse_mac':
D:\test\asvm\software\asvm14150_bsp/drivers/src/iniche/ins_tse_mac.c:178: undefined reference to `get_mac_addr'
../asvm14150_bsp/\libucosii_bsp.a(alt_iniche_dev.o): In function `iniche_devices_init':
D:\test\asvm\software\asvm14150_bsp/iniche/src/alt_iniche_dev.c:118: undefined reference to `get_ip_addr'
../asvm14150_bsp/\libucosii_bsp.a(altera_avalon_tse.o): In function `alt_tse_system_add_sys':
D:\test\asvm\software\asvm14150_bsp/drivers/src/altera_avalon_tse.c:337: undefined reference to `tse_mac_device'
D:\test\asvm\software\asvm14150_bsp/drivers/src/altera_avalon_tse.c:337: undefined reference to `tse_mac_device'
D:\test\asvm\software\asvm14150_bsp/drivers/src/altera_avalon_tse.c:338: undefined reference to `tse_mac_device'
D:\test\asvm\software\asvm14150_bsp/drivers/src/altera_avalon_tse.c:338: undefined reference to `tse_mac_device'
D:\test\asvm\software\asvm14150_bsp/drivers/src/altera_avalon_tse.c:339: undefined reference to `tse_mac_device'
../asvm14150_bsp/\libucosii_bsp.a(altera_avalon_tse.o):D:\test\asvm\software\asvm14150_bsp/drivers/src/altera_avalon_tse.c:339: more undefined references to `tse_mac_device' follow
collect2: ld returned 1 exit status
make: *** [dma.elf] Error 1
